Determining if the system is big endian passed with the following output:
Change Dir: /home/zzh/WorkSpace/Droid_Ettercap/Build_Android/CMakeFiles/CMakeTmp

Run Build Command:"/usr/bin/make" "cmTC_41309/fast"
/usr/bin/make -f CMakeFiles/cmTC_41309.dir/build.make CMakeFiles/cmTC_41309.dir/build
make[1]: Entering directory '/opt/src/Droid_Ettercap/Build_Android/CMakeFiles/CMakeTmp'
Building C object CMakeFiles/cmTC_41309.dir/TestEndianess.c.o
/usr/bin/cc     -o CMakeFiles/cmTC_41309.dir/TestEndianess.c.o   -c /home/zzh/WorkSpace/Droid_Ettercap/Build_Android/CMakeFiles/CMakeTmp/TestEndianess.c
Linking C executable cmTC_41309
/usr/bin/cmake -E cmake_link_script CMakeFiles/cmTC_41309.dir/link.txt --verbose=1
/usr/bin/cc       CMakeFiles/cmTC_41309.dir/TestEndianess.c.o  -o cmTC_41309 -rdynamic 
make[1]: Leaving directory '/opt/src/Droid_Ettercap/Build_Android/CMakeFiles/CMakeTmp'

TestEndianess.c:
/* A 16 bit integer is required. */
typedef unsigned short cmakeint16;

/* On a little endian machine, these 16bit ints will give "THIS IS LITTLE ENDIAN."
   On a big endian machine the characters will be exchanged pairwise. */
const cmakeint16 info_little[] =  {0x4854, 0x5349, 0x4920, 0x2053, 0x494c, 0x5454, 0x454c, 0x4520, 0x444e, 0x4149, 0x2e4e, 0x0000};

/* on a big endian machine, these 16bit ints will give "THIS IS BIG ENDIAN."
   On a little endian machine the characters will be exchanged pairwise. */
const cmakeint16 info_big[] =     {0x5448, 0x4953, 0x2049, 0x5320, 0x4249, 0x4720, 0x454e, 0x4449, 0x414e, 0x2e2e, 0x0000};

#ifdef __CLASSIC_C__
int main(argc, argv) int argc; char *argv[];
#else
int main(int argc, char *argv[])
#endif
{
  int require = 0;
  require += info_little[argc];
  require += info_big[argc];
  (void)argv;
  return require;
}


Determining if the pthread_create exist failed with the following output:
Change Dir: /home/zzh/WorkSpace/Droid_Ettercap/Build_Android/CMakeFiles/CMakeTmp

Run Build Command:"/usr/bin/make" "cmTC_9aad6/fast"
/usr/bin/make -f CMakeFiles/cmTC_9aad6.dir/build.make CMakeFiles/cmTC_9aad6.dir/build
make[1]: Entering directory '/opt/src/Droid_Ettercap/Build_Android/CMakeFiles/CMakeTmp'
Building C object CMakeFiles/cmTC_9aad6.dir/CheckSymbolExists.c.o
/usr/bin/cc     -o CMakeFiles/cmTC_9aad6.dir/CheckSymbolExists.c.o   -c /home/zzh/WorkSpace/Droid_Ettercap/Build_Android/CMakeFiles/CMakeTmp/CheckSymbolExists.c
Linking C executable cmTC_9aad6
/usr/bin/cmake -E cmake_link_script CMakeFiles/cmTC_9aad6.dir/link.txt --verbose=1
/usr/bin/cc       CMakeFiles/cmTC_9aad6.dir/CheckSymbolExists.c.o  -o cmTC_9aad6 -rdynamic 
CMakeFiles/cmTC_9aad6.dir/CheckSymbolExists.c.o：在函数‘main’中：
CheckSymbolExists.c:(.text+0xe)：对‘pthread_create’未定义的引用
CheckSymbolExists.c:(.text+0x12)：对‘pthread_create’未定义的引用
collect2: 错误：ld 返回 1
CMakeFiles/cmTC_9aad6.dir/build.make:97: recipe for target 'cmTC_9aad6' failed
make[1]: Leaving directory '/opt/src/Droid_Ettercap/Build_Android/CMakeFiles/CMakeTmp'
make[1]: *** [cmTC_9aad6] Error 1
Makefile:126: recipe for target 'cmTC_9aad6/fast' failed
make: *** [cmTC_9aad6/fast] Error 2

File /home/zzh/WorkSpace/Droid_Ettercap/Build_Android/CMakeFiles/CMakeTmp/CheckSymbolExists.c:
/* */
#include <pthread.h>

int main(int argc, char** argv)
{
  (void)argv;
#ifndef pthread_create
  return ((int*)(&pthread_create))[argc];
#else
  (void)argc;
  return 0;
#endif
}

Determining if the function pthread_create exists in the pthreads failed with the following output:
Change Dir: /home/zzh/WorkSpace/Droid_Ettercap/Build_Android/CMakeFiles/CMakeTmp

Run Build Command:"/usr/bin/make" "cmTC_fe431/fast"
/usr/bin/make -f CMakeFiles/cmTC_fe431.dir/build.make CMakeFiles/cmTC_fe431.dir/build
make[1]: Entering directory '/opt/src/Droid_Ettercap/Build_Android/CMakeFiles/CMakeTmp'
Building C object CMakeFiles/cmTC_fe431.dir/CheckFunctionExists.c.o
/usr/bin/cc    -DCHECK_FUNCTION_EXISTS=pthread_create   -o CMakeFiles/cmTC_fe431.dir/CheckFunctionExists.c.o   -c /usr/share/cmake-3.4/Modules/CheckFunctionExists.c
Linking C executable cmTC_fe431
/usr/bin/cmake -E cmake_link_script CMakeFiles/cmTC_fe431.dir/link.txt --verbose=1
/usr/bin/cc   -DCHECK_FUNCTION_EXISTS=pthread_create    CMakeFiles/cmTC_fe431.dir/CheckFunctionExists.c.o  -o cmTC_fe431 -rdynamic -lpthreads 
/usr/bin/ld: 找不到 -lpthreads
collect2: 错误：ld 返回 1
CMakeFiles/cmTC_fe431.dir/build.make:97: recipe for target 'cmTC_fe431' failed
make[1]: Leaving directory '/opt/src/Droid_Ettercap/Build_Android/CMakeFiles/CMakeTmp'
make[1]: *** [cmTC_fe431] Error 1
Makefile:126: recipe for target 'cmTC_fe431/fast' failed
make: *** [cmTC_fe431/fast] Error 2


Determining if the function strlcat exists failed with the following output:
Change Dir: /home/zzh/WorkSpace/Droid_Ettercap/Build_Android/CMakeFiles/CMakeTmp

Run Build Command:"/usr/bin/make" "cmTC_21799/fast"
/usr/bin/make -f CMakeFiles/cmTC_21799.dir/build.make CMakeFiles/cmTC_21799.dir/build
make[1]: Entering directory '/opt/src/Droid_Ettercap/Build_Android/CMakeFiles/CMakeTmp'
Building C object CMakeFiles/cmTC_21799.dir/CheckFunctionExists.c.o
/usr/bin/cc    -DCHECK_FUNCTION_EXISTS=strlcat   -o CMakeFiles/cmTC_21799.dir/CheckFunctionExists.c.o   -c /usr/share/cmake-3.4/Modules/CheckFunctionExists.c
Linking C executable cmTC_21799
/usr/bin/cmake -E cmake_link_script CMakeFiles/cmTC_21799.dir/link.txt --verbose=1
/usr/bin/cc   -DCHECK_FUNCTION_EXISTS=strlcat    CMakeFiles/cmTC_21799.dir/CheckFunctionExists.c.o  -o cmTC_21799 -rdynamic 
CMakeFiles/cmTC_21799.dir/CheckFunctionExists.c.o：在函数‘main’中：
CheckFunctionExists.c:(.text+0xa)：对‘strlcat’未定义的引用
collect2: 错误：ld 返回 1
CMakeFiles/cmTC_21799.dir/build.make:97: recipe for target 'cmTC_21799' failed
make[1]: Leaving directory '/opt/src/Droid_Ettercap/Build_Android/CMakeFiles/CMakeTmp'
make[1]: *** [cmTC_21799] Error 1
Makefile:126: recipe for target 'cmTC_21799/fast' failed
make: *** [cmTC_21799/fast] Error 2


Determining if the function strlcpy exists failed with the following output:
Change Dir: /home/zzh/WorkSpace/Droid_Ettercap/Build_Android/CMakeFiles/CMakeTmp

Run Build Command:"/usr/bin/make" "cmTC_2a598/fast"
/usr/bin/make -f CMakeFiles/cmTC_2a598.dir/build.make CMakeFiles/cmTC_2a598.dir/build
make[1]: Entering directory '/opt/src/Droid_Ettercap/Build_Android/CMakeFiles/CMakeTmp'
Building C object CMakeFiles/cmTC_2a598.dir/CheckFunctionExists.c.o
/usr/bin/cc    -DCHECK_FUNCTION_EXISTS=strlcpy   -o CMakeFiles/cmTC_2a598.dir/CheckFunctionExists.c.o   -c /usr/share/cmake-3.4/Modules/CheckFunctionExists.c
Linking C executable cmTC_2a598
/usr/bin/cmake -E cmake_link_script CMakeFiles/cmTC_2a598.dir/link.txt --verbose=1
/usr/bin/cc   -DCHECK_FUNCTION_EXISTS=strlcpy    CMakeFiles/cmTC_2a598.dir/CheckFunctionExists.c.o  -o cmTC_2a598 -rdynamic 
CMakeFiles/cmTC_2a598.dir/CheckFunctionExists.c.o：在函数‘main’中：
CheckFunctionExists.c:(.text+0xa)：对‘strlcpy’未定义的引用
collect2: 错误：ld 返回 1
CMakeFiles/cmTC_2a598.dir/build.make:97: recipe for target 'cmTC_2a598' failed
make[1]: *** [cmTC_2a598] Error 1
make[1]: Leaving directory '/opt/src/Droid_Ettercap/Build_Android/CMakeFiles/CMakeTmp'
Makefile:126: recipe for target 'cmTC_2a598/fast' failed
make: *** [cmTC_2a598/fast] Error 2


