The system is: Linux - 3.10.40-g4b7e9ba - armv7l
Compiling the C compiler identification source file "CMakeCCompilerId.c" succeeded.
Compiler: /usr/bin/cc 
Build flags: 
Id flags: 

The output was:
0


Compilation of the C compiler identification source "CMakeCCompilerId.c" produced "a.out"

The C compiler identification is GNU, found in "/home/zzh/WorkSpace/Droid_Ettercap/Build_Android/CMakeFiles/3.4.1/CompilerIdC/a.out"

Determining if the C compiler works passed with the following output:
Change Dir: /home/zzh/WorkSpace/Droid_Ettercap/Build_Android/CMakeFiles/CMakeTmp

Run Build Command:"/usr/bin/make" "cmTC_96535/fast"
/usr/bin/make -f CMakeFiles/cmTC_96535.dir/build.make CMakeFiles/cmTC_96535.dir/build
make[1]: Entering directory '/opt/src/Droid_Ettercap/Build_Android/CMakeFiles/CMakeTmp'
Building C object CMakeFiles/cmTC_96535.dir/testCCompiler.c.o
/usr/bin/cc     -o CMakeFiles/cmTC_96535.dir/testCCompiler.c.o   -c /home/zzh/WorkSpace/Droid_Ettercap/Build_Android/CMakeFiles/CMakeTmp/testCCompiler.c
Linking C executable cmTC_96535
/usr/bin/cmake -E cmake_link_script CMakeFiles/cmTC_96535.dir/link.txt --verbose=1
/usr/bin/cc       CMakeFiles/cmTC_96535.dir/testCCompiler.c.o  -o cmTC_96535 -rdynamic 
make[1]: Leaving directory '/opt/src/Droid_Ettercap/Build_Android/CMakeFiles/CMakeTmp'


Detecting C compiler ABI info compiled with the following output:
Change Dir: /home/zzh/WorkSpace/Droid_Ettercap/Build_Android/CMakeFiles/CMakeTmp

Run Build Command:"/usr/bin/make" "cmTC_ad239/fast"
/usr/bin/make -f CMakeFiles/cmTC_ad239.dir/build.make CMakeFiles/cmTC_ad239.dir/build
make[1]: Entering directory '/opt/src/Droid_Ettercap/Build_Android/CMakeFiles/CMakeTmp'
Building C object CMakeFiles/cmTC_ad239.dir/CMakeCCompilerABI.c.o
/usr/bin/cc     -o CMakeFiles/cmTC_ad239.dir/CMakeCCompilerABI.c.o   -c /usr/share/cmake-3.4/Modules/CMakeCCompilerABI.c
Linking C executable cmTC_ad239
/usr/bin/cmake -E cmake_link_script CMakeFiles/cmTC_ad239.dir/link.txt --verbose=1
/usr/bin/cc      -v CMakeFiles/cmTC_ad239.dir/CMakeCCompilerABI.c.o  -o cmTC_ad239 -rdynamic  
使用内建 specs。
COLLECT_GCC=/usr/bin/cc
COLLECT_LTO_WRAPPER=/usr/lib/gcc/arm-linux-gnueabihf/5/lto-wrapper
目标：arm-linux-gnueabihf
配置为：../src/configure -v --with-pkgversion='Debian 5.3.1-10' --with-bugurl=file:///usr/share/doc/gcc-5/README.Bugs --enable-languages=c,ada,c++,java,go,d,fortran,objc,obj-c++ --prefix=/usr --program-suffix=-5 --enable-shared --enable-linker-build-id --libexecdir=/usr/lib --without-included-gettext --enable-threads=posix --libdir=/usr/lib --enable-nls --with-sysroot=/ --enable-clocale=gnu --enable-libstdcxx-debug --enable-libstdcxx-time=yes --with-default-libstdcxx-abi=new --enable-gnu-unique-object --disable-libitm --disable-libquadmath --enable-plugin --with-system-zlib --disable-browser-plugin --enable-java-awt=gtk --enable-gtk-cairo --with-java-home=/usr/lib/jvm/java-1.5.0-gcj-5-armhf/jre --enable-java-home --with-jvm-root-dir=/usr/lib/jvm/java-1.5.0-gcj-5-armhf --with-jvm-jar-dir=/usr/lib/jvm-exports/java-1.5.0-gcj-5-armhf --with-arch-directory=arm --with-ecj-jar=/usr/share/java/eclipse-ecj.jar --enable-objc-gc --enable-multiarch --disable-sjlj-exceptions --with-arch=armv7-a --with-fpu=vfpv3-d16 --with-float=hard --with-mode=thumb --enable-checking=release --build=arm-linux-gnueabihf --host=arm-linux-gnueabihf --target=arm-linux-gnueabihf
线程模型：posix
gcc 版本 5.3.1 20160224 (Debian 5.3.1-10) 
COMPILER_PATH=/usr/lib/gcc/arm-linux-gnueabihf/5/:/usr/lib/gcc/arm-linux-gnueabihf/5/:/usr/lib/gcc/arm-linux-gnueabihf/:/usr/lib/gcc/arm-linux-gnueabihf/5/:/usr/lib/gcc/arm-linux-gnueabihf/
LIBRARY_PATH=/usr/lib/gcc/arm-linux-gnueabihf/5/:/usr/lib/gcc/arm-linux-gnueabihf/5/../../../arm-linux-gnueabihf/:/usr/lib/gcc/arm-linux-gnueabihf/5/../../../:/lib/arm-linux-gnueabihf/:/lib/:/usr/lib/arm-linux-gnueabihf/:/usr/lib/
COLLECT_GCC_OPTIONS='-v' '-o' 'cmTC_ad239' '-rdynamic' '-march=armv7-a' '-mfloat-abi=hard' '-mfpu=vfpv3-d16' '-mthumb' '-mtls-dialect=gnu'
 /usr/lib/gcc/arm-linux-gnueabihf/5/collect2 -plugin /usr/lib/gcc/arm-linux-gnueabihf/5/liblto_plugin.so -plugin-opt=/usr/lib/gcc/arm-linux-gnueabihf/5/lto-wrapper -plugin-opt=-fresolution=/tmp/ccj9k6WP.res -plugin-opt=-pass-through=-lgcc -plugin-opt=-pass-through=-lgcc_s -plugin-opt=-pass-through=-lc -plugin-opt=-pass-through=-lgcc -plugin-opt=-pass-through=-lgcc_s --sysroot=/ --build-id --eh-frame-hdr -export-dynamic -dynamic-linker /lib/ld-linux-armhf.so.3 -X --hash-style=gnu -m armelf_linux_eabi -o cmTC_ad239 /usr/lib/gcc/arm-linux-gnueabihf/5/../../../arm-linux-gnueabihf/crt1.o /usr/lib/gcc/arm-linux-gnueabihf/5/../../../arm-linux-gnueabihf/crti.o /usr/lib/gcc/arm-linux-gnueabihf/5/crtbegin.o -L/usr/lib/gcc/arm-linux-gnueabihf/5 -L/usr/lib/gcc/arm-linux-gnueabihf/5/../../../arm-linux-gnueabihf -L/usr/lib/gcc/arm-linux-gnueabihf/5/../../.. -L/lib/arm-linux-gnueabihf -L/usr/lib/arm-linux-gnueabihf CMakeFiles/cmTC_ad239.dir/CMakeCCompilerABI.c.o -lgcc --as-needed -lgcc_s --no-as-needed -lc -lgcc --as-needed -lgcc_s --no-as-needed /usr/lib/gcc/arm-linux-gnueabihf/5/crtend.o /usr/lib/gcc/arm-linux-gnueabihf/5/../../../arm-linux-gnueabihf/crtn.o
make[1]: Leaving directory '/opt/src/Droid_Ettercap/Build_Android/CMakeFiles/CMakeTmp'


Parsed C implicit link information from above output:
  link line regex: [^( *|.*[/\])(ld|([^/\]+-)?ld|collect2)[^/\]*( |$)]
  ignore line: [Change Dir: /home/zzh/WorkSpace/Droid_Ettercap/Build_Android/CMakeFiles/CMakeTmp]
  ignore line: []
  ignore line: [Run Build Command:"/usr/bin/make" "cmTC_ad239/fast"]
  ignore line: [/usr/bin/make -f CMakeFiles/cmTC_ad239.dir/build.make CMakeFiles/cmTC_ad239.dir/build]
  ignore line: [make[1]: Entering directory '/opt/src/Droid_Ettercap/Build_Android/CMakeFiles/CMakeTmp']
  ignore line: [Building C object CMakeFiles/cmTC_ad239.dir/CMakeCCompilerABI.c.o]
  ignore line: [/usr/bin/cc     -o CMakeFiles/cmTC_ad239.dir/CMakeCCompilerABI.c.o   -c /usr/share/cmake-3.4/Modules/CMakeCCompilerABI.c]
  ignore line: [Linking C executable cmTC_ad239]
  ignore line: [/usr/bin/cmake -E cmake_link_script CMakeFiles/cmTC_ad239.dir/link.txt --verbose=1]
  ignore line: [/usr/bin/cc      -v CMakeFiles/cmTC_ad239.dir/CMakeCCompilerABI.c.o  -o cmTC_ad239 -rdynamic  ]
  ignore line: [使用内建 specs。]
  ignore line: [COLLECT_GCC=/usr/bin/cc]
  ignore line: [COLLECT_LTO_WRAPPER=/usr/lib/gcc/arm-linux-gnueabihf/5/lto-wrapper]
  ignore line: [目标：arm-linux-gnueabihf]
  ignore line: [配置为：../src/configure -v --with-pkgversion='Debian 5.3.1-10' --with-bugurl=file:///usr/share/doc/gcc-5/README.Bugs --enable-languages=c,ada,c++,java,go,d,fortran,objc,obj-c++ --prefix=/usr --program-suffix=-5 --enable-shared --enable-linker-build-id --libexecdir=/usr/lib --without-included-gettext --enable-threads=posix --libdir=/usr/lib --enable-nls --with-sysroot=/ --enable-clocale=gnu --enable-libstdcxx-debug --enable-libstdcxx-time=yes --with-default-libstdcxx-abi=new --enable-gnu-unique-object --disable-libitm --disable-libquadmath --enable-plugin --with-system-zlib --disable-browser-plugin --enable-java-awt=gtk --enable-gtk-cairo --with-java-home=/usr/lib/jvm/java-1.5.0-gcj-5-armhf/jre --enable-java-home --with-jvm-root-dir=/usr/lib/jvm/java-1.5.0-gcj-5-armhf --with-jvm-jar-dir=/usr/lib/jvm-exports/java-1.5.0-gcj-5-armhf --with-arch-directory=arm --with-ecj-jar=/usr/share/java/eclipse-ecj.jar --enable-objc-gc --enable-multiarch --disable-sjlj-exceptions --with-arch=armv7-a --with-fpu=vfpv3-d16 --with-float=hard --with-mode=thumb --enable-checking=release --build=arm-linux-gnueabihf --host=arm-linux-gnueabihf --target=arm-linux-gnueabihf]
  ignore line: [线程模型：posix]
  ignore line: [gcc 版本 5.3.1 20160224 (Debian 5.3.1-10) ]
  ignore line: [COMPILER_PATH=/usr/lib/gcc/arm-linux-gnueabihf/5/:/usr/lib/gcc/arm-linux-gnueabihf/5/:/usr/lib/gcc/arm-linux-gnueabihf/:/usr/lib/gcc/arm-linux-gnueabihf/5/:/usr/lib/gcc/arm-linux-gnueabihf/]
  ignore line: [LIBRARY_PATH=/usr/lib/gcc/arm-linux-gnueabihf/5/:/usr/lib/gcc/arm-linux-gnueabihf/5/../../../arm-linux-gnueabihf/:/usr/lib/gcc/arm-linux-gnueabihf/5/../../../:/lib/arm-linux-gnueabihf/:/lib/:/usr/lib/arm-linux-gnueabihf/:/usr/lib/]
  ignore line: [COLLECT_GCC_OPTIONS='-v' '-o' 'cmTC_ad239' '-rdynamic' '-march=armv7-a' '-mfloat-abi=hard' '-mfpu=vfpv3-d16' '-mthumb' '-mtls-dialect=gnu']
  link line: [ /usr/lib/gcc/arm-linux-gnueabihf/5/collect2 -plugin /usr/lib/gcc/arm-linux-gnueabihf/5/liblto_plugin.so -plugin-opt=/usr/lib/gcc/arm-linux-gnueabihf/5/lto-wrapper -plugin-opt=-fresolution=/tmp/ccj9k6WP.res -plugin-opt=-pass-through=-lgcc -plugin-opt=-pass-through=-lgcc_s -plugin-opt=-pass-through=-lc -plugin-opt=-pass-through=-lgcc -plugin-opt=-pass-through=-lgcc_s --sysroot=/ --build-id --eh-frame-hdr -export-dynamic -dynamic-linker /lib/ld-linux-armhf.so.3 -X --hash-style=gnu -m armelf_linux_eabi -o cmTC_ad239 /usr/lib/gcc/arm-linux-gnueabihf/5/../../../arm-linux-gnueabihf/crt1.o /usr/lib/gcc/arm-linux-gnueabihf/5/../../../arm-linux-gnueabihf/crti.o /usr/lib/gcc/arm-linux-gnueabihf/5/crtbegin.o -L/usr/lib/gcc/arm-linux-gnueabihf/5 -L/usr/lib/gcc/arm-linux-gnueabihf/5/../../../arm-linux-gnueabihf -L/usr/lib/gcc/arm-linux-gnueabihf/5/../../.. -L/lib/arm-linux-gnueabihf -L/usr/lib/arm-linux-gnueabihf CMakeFiles/cmTC_ad239.dir/CMakeCCompilerABI.c.o -lgcc --as-needed -lgcc_s --no-as-needed -lc -lgcc --as-needed -lgcc_s --no-as-needed /usr/lib/gcc/arm-linux-gnueabihf/5/crtend.o /usr/lib/gcc/arm-linux-gnueabihf/5/../../../arm-linux-gnueabihf/crtn.o]
    arg [/usr/lib/gcc/arm-linux-gnueabihf/5/collect2] ==> ignore
    arg [-plugin] ==> ignore
    arg [/usr/lib/gcc/arm-linux-gnueabihf/5/liblto_plugin.so] ==> ignore
    arg [-plugin-opt=/usr/lib/gcc/arm-linux-gnueabihf/5/lto-wrapper] ==> ignore
    arg [-plugin-opt=-fresolution=/tmp/ccj9k6WP.res] ==> ignore
    arg [-plugin-opt=-pass-through=-lgcc] ==> ignore
    arg [-plugin-opt=-pass-through=-lgcc_s] ==> ignore
    arg [-plugin-opt=-pass-through=-lc] ==> ignore
    arg [-plugin-opt=-pass-through=-lgcc] ==> ignore
    arg [-plugin-opt=-pass-through=-lgcc_s] ==> ignore
    arg [--sysroot=/] ==> ignore
    arg [--build-id] ==> ignore
    arg [--eh-frame-hdr] ==> ignore
    arg [-export-dynamic] ==> ignore
    arg [-dynamic-linker] ==> ignore
    arg [/lib/ld-linux-armhf.so.3] ==> ignore
    arg [-X] ==> ignore
    arg [--hash-style=gnu] ==> ignore
    arg [-m] ==> ignore
    arg [armelf_linux_eabi] ==> ignore
    arg [-o] ==> ignore
    arg [cmTC_ad239] ==> ignore
    arg [/usr/lib/gcc/arm-linux-gnueabihf/5/../../../arm-linux-gnueabihf/crt1.o] ==> ignore
    arg [/usr/lib/gcc/arm-linux-gnueabihf/5/../../../arm-linux-gnueabihf/crti.o] ==> ignore
    arg [/usr/lib/gcc/arm-linux-gnueabihf/5/crtbegin.o] ==> ignore
    arg [-L/usr/lib/gcc/arm-linux-gnueabihf/5] ==> dir [/usr/lib/gcc/arm-linux-gnueabihf/5]
    arg [-L/usr/lib/gcc/arm-linux-gnueabihf/5/../../../arm-linux-gnueabihf] ==> dir [/usr/lib/gcc/arm-linux-gnueabihf/5/../../../arm-linux-gnueabihf]
    arg [-L/usr/lib/gcc/arm-linux-gnueabihf/5/../../..] ==> dir [/usr/lib/gcc/arm-linux-gnueabihf/5/../../..]
    arg [-L/lib/arm-linux-gnueabihf] ==> dir [/lib/arm-linux-gnueabihf]
    arg [-L/usr/lib/arm-linux-gnueabihf] ==> dir [/usr/lib/arm-linux-gnueabihf]
    arg [CMakeFiles/cmTC_ad239.dir/CMakeCCompilerABI.c.o] ==> ignore
    arg [-lgcc] ==> lib [gcc]
    arg [--as-needed] ==> ignore
    arg [-lgcc_s] ==> lib [gcc_s]
    arg [--no-as-needed] ==> ignore
    arg [-lc] ==> lib [c]
    arg [-lgcc] ==> lib [gcc]
    arg [--as-needed] ==> ignore
    arg [-lgcc_s] ==> lib [gcc_s]
    arg [--no-as-needed] ==> ignore
    arg [/usr/lib/gcc/arm-linux-gnueabihf/5/crtend.o] ==> ignore
    arg [/usr/lib/gcc/arm-linux-gnueabihf/5/../../../arm-linux-gnueabihf/crtn.o] ==> ignore
  remove lib [gcc]
  remove lib [gcc_s]
  remove lib [gcc]
  remove lib [gcc_s]
  collapse library dir [/usr/lib/gcc/arm-linux-gnueabihf/5] ==> [/usr/lib/gcc/arm-linux-gnueabihf/5]
  collapse library dir [/usr/lib/gcc/arm-linux-gnueabihf/5/../../../arm-linux-gnueabihf] ==> [/usr/lib/arm-linux-gnueabihf]
  collapse library dir [/usr/lib/gcc/arm-linux-gnueabihf/5/../../..] ==> [/usr/lib]
  collapse library dir [/lib/arm-linux-gnueabihf] ==> [/lib/arm-linux-gnueabihf]
  collapse library dir [/usr/lib/arm-linux-gnueabihf] ==> [/usr/lib/arm-linux-gnueabihf]
  implicit libs: [c]
  implicit dirs: [/usr/lib/gcc/arm-linux-gnueabihf/5;/usr/lib/arm-linux-gnueabihf;/usr/lib;/lib/arm-linux-gnueabihf]
  implicit fwks: []




Detecting C [-std=c11] compiler features compiled with the following output:
Change Dir: /home/zzh/WorkSpace/Droid_Ettercap/Build_Android/CMakeFiles/CMakeTmp

Run Build Command:"/usr/bin/make" "cmTC_a240e/fast"
/usr/bin/make -f CMakeFiles/cmTC_a240e.dir/build.make CMakeFiles/cmTC_a240e.dir/build
make[1]: Entering directory '/opt/src/Droid_Ettercap/Build_Android/CMakeFiles/CMakeTmp'
Building C object CMakeFiles/cmTC_a240e.dir/feature_tests.c.o
/usr/bin/cc    -std=c11 -o CMakeFiles/cmTC_a240e.dir/feature_tests.c.o   -c /home/zzh/WorkSpace/Droid_Ettercap/Build_Android/CMakeFiles/feature_tests.c
Linking C executable cmTC_a240e
/usr/bin/cmake -E cmake_link_script CMakeFiles/cmTC_a240e.dir/link.txt --verbose=1
/usr/bin/cc       CMakeFiles/cmTC_a240e.dir/feature_tests.c.o  -o cmTC_a240e -rdynamic 
make[1]: Leaving directory '/opt/src/Droid_Ettercap/Build_Android/CMakeFiles/CMakeTmp'


    Feature record: C_FEATURE:1c_function_prototypes
    Feature record: C_FEATURE:1c_restrict
    Feature record: C_FEATURE:1c_static_assert
    Feature record: C_FEATURE:1c_variadic_macros


Detecting C [-std=c99] compiler features compiled with the following output:
Change Dir: /home/zzh/WorkSpace/Droid_Ettercap/Build_Android/CMakeFiles/CMakeTmp

Run Build Command:"/usr/bin/make" "cmTC_16f7f/fast"
/usr/bin/make -f CMakeFiles/cmTC_16f7f.dir/build.make CMakeFiles/cmTC_16f7f.dir/build
make[1]: Entering directory '/opt/src/Droid_Ettercap/Build_Android/CMakeFiles/CMakeTmp'
Building C object CMakeFiles/cmTC_16f7f.dir/feature_tests.c.o
/usr/bin/cc    -std=c99 -o CMakeFiles/cmTC_16f7f.dir/feature_tests.c.o   -c /home/zzh/WorkSpace/Droid_Ettercap/Build_Android/CMakeFiles/feature_tests.c
Linking C executable cmTC_16f7f
/usr/bin/cmake -E cmake_link_script CMakeFiles/cmTC_16f7f.dir/link.txt --verbose=1
/usr/bin/cc       CMakeFiles/cmTC_16f7f.dir/feature_tests.c.o  -o cmTC_16f7f -rdynamic 
make[1]: Leaving directory '/opt/src/Droid_Ettercap/Build_Android/CMakeFiles/CMakeTmp'


    Feature record: C_FEATURE:1c_function_prototypes
    Feature record: C_FEATURE:1c_restrict
    Feature record: C_FEATURE:0c_static_assert
    Feature record: C_FEATURE:1c_variadic_macros


Detecting C [-std=c90] compiler features compiled with the following output:
Change Dir: /home/zzh/WorkSpace/Droid_Ettercap/Build_Android/CMakeFiles/CMakeTmp

Run Build Command:"/usr/bin/make" "cmTC_b37a1/fast"
/usr/bin/make -f CMakeFiles/cmTC_b37a1.dir/build.make CMakeFiles/cmTC_b37a1.dir/build
make[1]: Entering directory '/opt/src/Droid_Ettercap/Build_Android/CMakeFiles/CMakeTmp'
Building C object CMakeFiles/cmTC_b37a1.dir/feature_tests.c.o
/usr/bin/cc    -std=c90 -o CMakeFiles/cmTC_b37a1.dir/feature_tests.c.o   -c /home/zzh/WorkSpace/Droid_Ettercap/Build_Android/CMakeFiles/feature_tests.c
Linking C executable cmTC_b37a1
/usr/bin/cmake -E cmake_link_script CMakeFiles/cmTC_b37a1.dir/link.txt --verbose=1
/usr/bin/cc       CMakeFiles/cmTC_b37a1.dir/feature_tests.c.o  -o cmTC_b37a1 -rdynamic 
make[1]: Leaving directory '/opt/src/Droid_Ettercap/Build_Android/CMakeFiles/CMakeTmp'


    Feature record: C_FEATURE:1c_function_prototypes
    Feature record: C_FEATURE:0c_restrict
    Feature record: C_FEATURE:0c_static_assert
    Feature record: C_FEATURE:0c_variadic_macros
Determining if the include file sys/types.h exists passed with the following output:
Change Dir: /home/zzh/WorkSpace/Droid_Ettercap/Build_Android/CMakeFiles/CMakeTmp

Run Build Command:"/usr/bin/make" "cmTC_f4f80/fast"
/usr/bin/make -f CMakeFiles/cmTC_f4f80.dir/build.make CMakeFiles/cmTC_f4f80.dir/build
make[1]: Entering directory '/opt/src/Droid_Ettercap/Build_Android/CMakeFiles/CMakeTmp'
Building C object CMakeFiles/cmTC_f4f80.dir/CheckIncludeFile.c.o
/usr/bin/cc     -o CMakeFiles/cmTC_f4f80.dir/CheckIncludeFile.c.o   -c /home/zzh/WorkSpace/Droid_Ettercap/Build_Android/CMakeFiles/CMakeTmp/CheckIncludeFile.c
Linking C executable cmTC_f4f80
/usr/bin/cmake -E cmake_link_script CMakeFiles/cmTC_f4f80.dir/link.txt --verbose=1
/usr/bin/cc       CMakeFiles/cmTC_f4f80.dir/CheckIncludeFile.c.o  -o cmTC_f4f80 -rdynamic 
make[1]: Leaving directory '/opt/src/Droid_Ettercap/Build_Android/CMakeFiles/CMakeTmp'


Determining if the include file stdint.h exists passed with the following output:
Change Dir: /home/zzh/WorkSpace/Droid_Ettercap/Build_Android/CMakeFiles/CMakeTmp

Run Build Command:"/usr/bin/make" "cmTC_d89ed/fast"
/usr/bin/make -f CMakeFiles/cmTC_d89ed.dir/build.make CMakeFiles/cmTC_d89ed.dir/build
make[1]: Entering directory '/opt/src/Droid_Ettercap/Build_Android/CMakeFiles/CMakeTmp'
Building C object CMakeFiles/cmTC_d89ed.dir/CheckIncludeFile.c.o
/usr/bin/cc     -o CMakeFiles/cmTC_d89ed.dir/CheckIncludeFile.c.o   -c /home/zzh/WorkSpace/Droid_Ettercap/Build_Android/CMakeFiles/CMakeTmp/CheckIncludeFile.c
Linking C executable cmTC_d89ed
/usr/bin/cmake -E cmake_link_script CMakeFiles/cmTC_d89ed.dir/link.txt --verbose=1
/usr/bin/cc       CMakeFiles/cmTC_d89ed.dir/CheckIncludeFile.c.o  -o cmTC_d89ed -rdynamic 
make[1]: Leaving directory '/opt/src/Droid_Ettercap/Build_Android/CMakeFiles/CMakeTmp'


Determining if the include file stddef.h exists passed with the following output:
Change Dir: /home/zzh/WorkSpace/Droid_Ettercap/Build_Android/CMakeFiles/CMakeTmp

Run Build Command:"/usr/bin/make" "cmTC_48e59/fast"
/usr/bin/make -f CMakeFiles/cmTC_48e59.dir/build.make CMakeFiles/cmTC_48e59.dir/build
make[1]: Entering directory '/opt/src/Droid_Ettercap/Build_Android/CMakeFiles/CMakeTmp'
Building C object CMakeFiles/cmTC_48e59.dir/CheckIncludeFile.c.o
/usr/bin/cc     -o CMakeFiles/cmTC_48e59.dir/CheckIncludeFile.c.o   -c /home/zzh/WorkSpace/Droid_Ettercap/Build_Android/CMakeFiles/CMakeTmp/CheckIncludeFile.c
Linking C executable cmTC_48e59
/usr/bin/cmake -E cmake_link_script CMakeFiles/cmTC_48e59.dir/link.txt --verbose=1
/usr/bin/cc       CMakeFiles/cmTC_48e59.dir/CheckIncludeFile.c.o  -o cmTC_48e59 -rdynamic 
make[1]: Leaving directory '/opt/src/Droid_Ettercap/Build_Android/CMakeFiles/CMakeTmp'


Determining size of unsigned short passed with the following output:
Change Dir: /home/zzh/WorkSpace/Droid_Ettercap/Build_Android/CMakeFiles/CMakeTmp

Run Build Command:"/usr/bin/make" "cmTC_94b8a/fast"
/usr/bin/make -f CMakeFiles/cmTC_94b8a.dir/build.make CMakeFiles/cmTC_94b8a.dir/build
make[1]: Entering directory '/opt/src/Droid_Ettercap/Build_Android/CMakeFiles/CMakeTmp'
Building C object CMakeFiles/cmTC_94b8a.dir/CMAKE_SIZEOF_UNSIGNED_SHORT.c.o
/usr/bin/cc     -o CMakeFiles/cmTC_94b8a.dir/CMAKE_SIZEOF_UNSIGNED_SHORT.c.o   -c /home/zzh/WorkSpace/Droid_Ettercap/Build_Android/CMakeFiles/CheckTypeSize/CMAKE_SIZEOF_UNSIGNED_SHORT.c
Linking C executable cmTC_94b8a
/usr/bin/cmake -E cmake_link_script CMakeFiles/cmTC_94b8a.dir/link.txt --verbose=1
/usr/bin/cc       CMakeFiles/cmTC_94b8a.dir/CMAKE_SIZEOF_UNSIGNED_SHORT.c.o  -o cmTC_94b8a -rdynamic 
make[1]: Leaving directory '/opt/src/Droid_Ettercap/Build_Android/CMakeFiles/CMakeTmp'


Determining if the include file sys/poll.h exists passed with the following output:
Change Dir: /home/zzh/WorkSpace/Droid_Ettercap/Build_Android/CMakeFiles/CMakeTmp

Run Build Command:"/usr/bin/make" "cmTC_4f2ec/fast"
/usr/bin/make -f CMakeFiles/cmTC_4f2ec.dir/build.make CMakeFiles/cmTC_4f2ec.dir/build
make[1]: Entering directory '/opt/src/Droid_Ettercap/Build_Android/CMakeFiles/CMakeTmp'
Building C object CMakeFiles/cmTC_4f2ec.dir/CheckIncludeFile.c.o
/usr/bin/cc     -o CMakeFiles/cmTC_4f2ec.dir/CheckIncludeFile.c.o   -c /home/zzh/WorkSpace/Droid_Ettercap/Build_Android/CMakeFiles/CMakeTmp/CheckIncludeFile.c
Linking C executable cmTC_4f2ec
/usr/bin/cmake -E cmake_link_script CMakeFiles/cmTC_4f2ec.dir/link.txt --verbose=1
/usr/bin/cc       CMakeFiles/cmTC_4f2ec.dir/CheckIncludeFile.c.o  -o cmTC_4f2ec -rdynamic 
make[1]: Leaving directory '/opt/src/Droid_Ettercap/Build_Android/CMakeFiles/CMakeTmp'


Determining if the include file sys/select.h exists passed with the following output:
Change Dir: /home/zzh/WorkSpace/Droid_Ettercap/Build_Android/CMakeFiles/CMakeTmp

Run Build Command:"/usr/bin/make" "cmTC_fe6b8/fast"
/usr/bin/make -f CMakeFiles/cmTC_fe6b8.dir/build.make CMakeFiles/cmTC_fe6b8.dir/build
make[1]: Entering directory '/opt/src/Droid_Ettercap/Build_Android/CMakeFiles/CMakeTmp'
Building C object CMakeFiles/cmTC_fe6b8.dir/CheckIncludeFile.c.o
/usr/bin/cc     -o CMakeFiles/cmTC_fe6b8.dir/CheckIncludeFile.c.o   -c /home/zzh/WorkSpace/Droid_Ettercap/Build_Android/CMakeFiles/CMakeTmp/CheckIncludeFile.c
Linking C executable cmTC_fe6b8
/usr/bin/cmake -E cmake_link_script CMakeFiles/cmTC_fe6b8.dir/link.txt --verbose=1
/usr/bin/cc       CMakeFiles/cmTC_fe6b8.dir/CheckIncludeFile.c.o  -o cmTC_fe6b8 -rdynamic 
make[1]: Leaving directory '/opt/src/Droid_Ettercap/Build_Android/CMakeFiles/CMakeTmp'


Determining if the include file sys/utsname.h exists passed with the following output:
Change Dir: /home/zzh/WorkSpace/Droid_Ettercap/Build_Android/CMakeFiles/CMakeTmp

Run Build Command:"/usr/bin/make" "cmTC_c6496/fast"
/usr/bin/make -f CMakeFiles/cmTC_c6496.dir/build.make CMakeFiles/cmTC_c6496.dir/build
make[1]: Entering directory '/opt/src/Droid_Ettercap/Build_Android/CMakeFiles/CMakeTmp'
Building C object CMakeFiles/cmTC_c6496.dir/CheckIncludeFile.c.o
/usr/bin/cc     -o CMakeFiles/cmTC_c6496.dir/CheckIncludeFile.c.o   -c /home/zzh/WorkSpace/Droid_Ettercap/Build_Android/CMakeFiles/CMakeTmp/CheckIncludeFile.c
Linking C executable cmTC_c6496
/usr/bin/cmake -E cmake_link_script CMakeFiles/cmTC_c6496.dir/link.txt --verbose=1
/usr/bin/cc       CMakeFiles/cmTC_c6496.dir/CheckIncludeFile.c.o  -o cmTC_c6496 -rdynamic 
make[1]: Leaving directory '/opt/src/Droid_Ettercap/Build_Android/CMakeFiles/CMakeTmp'


Determining if the include file getopt.h exists passed with the following output:
Change Dir: /home/zzh/WorkSpace/Droid_Ettercap/Build_Android/CMakeFiles/CMakeTmp

Run Build Command:"/usr/bin/make" "cmTC_35739/fast"
/usr/bin/make -f CMakeFiles/cmTC_35739.dir/build.make CMakeFiles/cmTC_35739.dir/build
make[1]: Entering directory '/opt/src/Droid_Ettercap/Build_Android/CMakeFiles/CMakeTmp'
Building C object CMakeFiles/cmTC_35739.dir/CheckIncludeFile.c.o
/usr/bin/cc     -o CMakeFiles/cmTC_35739.dir/CheckIncludeFile.c.o   -c /home/zzh/WorkSpace/Droid_Ettercap/Build_Android/CMakeFiles/CMakeTmp/CheckIncludeFile.c
Linking C executable cmTC_35739
/usr/bin/cmake -E cmake_link_script CMakeFiles/cmTC_35739.dir/link.txt --verbose=1
/usr/bin/cc       CMakeFiles/cmTC_35739.dir/CheckIncludeFile.c.o  -o cmTC_35739 -rdynamic 
make[1]: Leaving directory '/opt/src/Droid_Ettercap/Build_Android/CMakeFiles/CMakeTmp'


Determining if the include file ctype.h exists passed with the following output:
Change Dir: /home/zzh/WorkSpace/Droid_Ettercap/Build_Android/CMakeFiles/CMakeTmp

Run Build Command:"/usr/bin/make" "cmTC_2e77f/fast"
/usr/bin/make -f CMakeFiles/cmTC_2e77f.dir/build.make CMakeFiles/cmTC_2e77f.dir/build
make[1]: Entering directory '/opt/src/Droid_Ettercap/Build_Android/CMakeFiles/CMakeTmp'
Building C object CMakeFiles/cmTC_2e77f.dir/CheckIncludeFile.c.o
/usr/bin/cc     -o CMakeFiles/cmTC_2e77f.dir/CheckIncludeFile.c.o   -c /home/zzh/WorkSpace/Droid_Ettercap/Build_Android/CMakeFiles/CMakeTmp/CheckIncludeFile.c
Linking C executable cmTC_2e77f
/usr/bin/cmake -E cmake_link_script CMakeFiles/cmTC_2e77f.dir/link.txt --verbose=1
/usr/bin/cc       CMakeFiles/cmTC_2e77f.dir/CheckIncludeFile.c.o  -o cmTC_2e77f -rdynamic 
make[1]: Leaving directory '/opt/src/Droid_Ettercap/Build_Android/CMakeFiles/CMakeTmp'


Determining if the include file inttypes.h exists passed with the following output:
Change Dir: /home/zzh/WorkSpace/Droid_Ettercap/Build_Android/CMakeFiles/CMakeTmp

Run Build Command:"/usr/bin/make" "cmTC_10596/fast"
/usr/bin/make -f CMakeFiles/cmTC_10596.dir/build.make CMakeFiles/cmTC_10596.dir/build
make[1]: Entering directory '/opt/src/Droid_Ettercap/Build_Android/CMakeFiles/CMakeTmp'
Building C object CMakeFiles/cmTC_10596.dir/CheckIncludeFile.c.o
/usr/bin/cc     -o CMakeFiles/cmTC_10596.dir/CheckIncludeFile.c.o   -c /home/zzh/WorkSpace/Droid_Ettercap/Build_Android/CMakeFiles/CMakeTmp/CheckIncludeFile.c
Linking C executable cmTC_10596
/usr/bin/cmake -E cmake_link_script CMakeFiles/cmTC_10596.dir/link.txt --verbose=1
/usr/bin/cc       CMakeFiles/cmTC_10596.dir/CheckIncludeFile.c.o  -o cmTC_10596 -rdynamic 
make[1]: Leaving directory '/opt/src/Droid_Ettercap/Build_Android/CMakeFiles/CMakeTmp'


Determining if the include file arpa/nameser.h exists passed with the following output:
Change Dir: /home/zzh/WorkSpace/Droid_Ettercap/Build_Android/CMakeFiles/CMakeTmp

Run Build Command:"/usr/bin/make" "cmTC_b6e57/fast"
/usr/bin/make -f CMakeFiles/cmTC_b6e57.dir/build.make CMakeFiles/cmTC_b6e57.dir/build
make[1]: Entering directory '/opt/src/Droid_Ettercap/Build_Android/CMakeFiles/CMakeTmp'
Building C object CMakeFiles/cmTC_b6e57.dir/CheckIncludeFile.c.o
/usr/bin/cc     -o CMakeFiles/cmTC_b6e57.dir/CheckIncludeFile.c.o   -c /home/zzh/WorkSpace/Droid_Ettercap/Build_Android/CMakeFiles/CMakeTmp/CheckIncludeFile.c
Linking C executable cmTC_b6e57
/usr/bin/cmake -E cmake_link_script CMakeFiles/cmTC_b6e57.dir/link.txt --verbose=1
/usr/bin/cc       CMakeFiles/cmTC_b6e57.dir/CheckIncludeFile.c.o  -o cmTC_b6e57 -rdynamic 
make[1]: Leaving directory '/opt/src/Droid_Ettercap/Build_Android/CMakeFiles/CMakeTmp'


Determining if the include file ltdl.h exists passed with the following output:
Change Dir: /home/zzh/WorkSpace/Droid_Ettercap/Build_Android/CMakeFiles/CMakeTmp

Run Build Command:"/usr/bin/make" "cmTC_6f01b/fast"
/usr/bin/make -f CMakeFiles/cmTC_6f01b.dir/build.make CMakeFiles/cmTC_6f01b.dir/build
make[1]: Entering directory '/opt/src/Droid_Ettercap/Build_Android/CMakeFiles/CMakeTmp'
Building C object CMakeFiles/cmTC_6f01b.dir/CheckIncludeFile.c.o
/usr/bin/cc     -o CMakeFiles/cmTC_6f01b.dir/CheckIncludeFile.c.o   -c /home/zzh/WorkSpace/Droid_Ettercap/Build_Android/CMakeFiles/CMakeTmp/CheckIncludeFile.c
Linking C executable cmTC_6f01b
/usr/bin/cmake -E cmake_link_script CMakeFiles/cmTC_6f01b.dir/link.txt --verbose=1
/usr/bin/cc       CMakeFiles/cmTC_6f01b.dir/CheckIncludeFile.c.o  -o cmTC_6f01b -rdynamic 
make[1]: Leaving directory '/opt/src/Droid_Ettercap/Build_Android/CMakeFiles/CMakeTmp'


Determining if the include file dlfcn.h exists passed with the following output:
Change Dir: /home/zzh/WorkSpace/Droid_Ettercap/Build_Android/CMakeFiles/CMakeTmp

Run Build Command:"/usr/bin/make" "cmTC_ecf84/fast"
/usr/bin/make -f CMakeFiles/cmTC_ecf84.dir/build.make CMakeFiles/cmTC_ecf84.dir/build
make[1]: Entering directory '/opt/src/Droid_Ettercap/Build_Android/CMakeFiles/CMakeTmp'
Building C object CMakeFiles/cmTC_ecf84.dir/CheckIncludeFile.c.o
/usr/bin/cc     -o CMakeFiles/cmTC_ecf84.dir/CheckIncludeFile.c.o   -c /home/zzh/WorkSpace/Droid_Ettercap/Build_Android/CMakeFiles/CMakeTmp/CheckIncludeFile.c
Linking C executable cmTC_ecf84
/usr/bin/cmake -E cmake_link_script CMakeFiles/cmTC_ecf84.dir/link.txt --verbose=1
/usr/bin/cc       CMakeFiles/cmTC_ecf84.dir/CheckIncludeFile.c.o  -o cmTC_ecf84 -rdynamic 
make[1]: Leaving directory '/opt/src/Droid_Ettercap/Build_Android/CMakeFiles/CMakeTmp'


Determining if the include file libgen.h exists passed with the following output:
Change Dir: /home/zzh/WorkSpace/Droid_Ettercap/Build_Android/CMakeFiles/CMakeTmp

Run Build Command:"/usr/bin/make" "cmTC_c72da/fast"
/usr/bin/make -f CMakeFiles/cmTC_c72da.dir/build.make CMakeFiles/cmTC_c72da.dir/build
make[1]: Entering directory '/opt/src/Droid_Ettercap/Build_Android/CMakeFiles/CMakeTmp'
Building C object CMakeFiles/cmTC_c72da.dir/CheckIncludeFile.c.o
/usr/bin/cc     -o CMakeFiles/cmTC_c72da.dir/CheckIncludeFile.c.o   -c /home/zzh/WorkSpace/Droid_Ettercap/Build_Android/CMakeFiles/CMakeTmp/CheckIncludeFile.c
Linking C executable cmTC_c72da
/usr/bin/cmake -E cmake_link_script CMakeFiles/cmTC_c72da.dir/link.txt --verbose=1
/usr/bin/cc       CMakeFiles/cmTC_c72da.dir/CheckIncludeFile.c.o  -o cmTC_c72da -rdynamic 
make[1]: Leaving directory '/opt/src/Droid_Ettercap/Build_Android/CMakeFiles/CMakeTmp'


Determining if the function wsyncup exists in the /usr/lib/arm-linux-gnueabihf/libcurses.so passed with the following output:
Change Dir: /home/zzh/WorkSpace/Droid_Ettercap/Build_Android/CMakeFiles/CMakeTmp

Run Build Command:"/usr/bin/make" "cmTC_01982/fast"
/usr/bin/make -f CMakeFiles/cmTC_01982.dir/build.make CMakeFiles/cmTC_01982.dir/build
make[1]: Entering directory '/opt/src/Droid_Ettercap/Build_Android/CMakeFiles/CMakeTmp'
Building C object CMakeFiles/cmTC_01982.dir/CheckFunctionExists.c.o
/usr/bin/cc    -DCHECK_FUNCTION_EXISTS=wsyncup   -o CMakeFiles/cmTC_01982.dir/CheckFunctionExists.c.o   -c /usr/share/cmake-3.4/Modules/CheckFunctionExists.c
Linking C executable cmTC_01982
/usr/bin/cmake -E cmake_link_script CMakeFiles/cmTC_01982.dir/link.txt --verbose=1
/usr/bin/cc   -DCHECK_FUNCTION_EXISTS=wsyncup    CMakeFiles/cmTC_01982.dir/CheckFunctionExists.c.o  -o cmTC_01982 -rdynamic -lcurses 
make[1]: Leaving directory '/opt/src/Droid_Ettercap/Build_Android/CMakeFiles/CMakeTmp'


Determining if the function cbreak exists in the /usr/lib/arm-linux-gnueabihf/libncurses.so passed with the following output:
Change Dir: /home/zzh/WorkSpace/Droid_Ettercap/Build_Android/CMakeFiles/CMakeTmp

Run Build Command:"/usr/bin/make" "cmTC_bad4b/fast"
/usr/bin/make -f CMakeFiles/cmTC_bad4b.dir/build.make CMakeFiles/cmTC_bad4b.dir/build
make[1]: Entering directory '/opt/src/Droid_Ettercap/Build_Android/CMakeFiles/CMakeTmp'
Building C object CMakeFiles/cmTC_bad4b.dir/CheckFunctionExists.c.o
/usr/bin/cc    -DCHECK_FUNCTION_EXISTS=cbreak   -o CMakeFiles/cmTC_bad4b.dir/CheckFunctionExists.c.o   -c /usr/share/cmake-3.4/Modules/CheckFunctionExists.c
Linking C executable cmTC_bad4b
/usr/bin/cmake -E cmake_link_script CMakeFiles/cmTC_bad4b.dir/link.txt --verbose=1
/usr/bin/cc   -DCHECK_FUNCTION_EXISTS=cbreak    CMakeFiles/cmTC_bad4b.dir/CheckFunctionExists.c.o  -o cmTC_bad4b -rdynamic -lncurses 
make[1]: Leaving directory '/opt/src/Droid_Ettercap/Build_Android/CMakeFiles/CMakeTmp'


Determining if the include file pthread.h exists passed with the following output:
Change Dir: /home/zzh/WorkSpace/Droid_Ettercap/Build_Android/CMakeFiles/CMakeTmp

Run Build Command:"/usr/bin/make" "cmTC_6cf27/fast"
/usr/bin/make -f CMakeFiles/cmTC_6cf27.dir/build.make CMakeFiles/cmTC_6cf27.dir/build
make[1]: Entering directory '/opt/src/Droid_Ettercap/Build_Android/CMakeFiles/CMakeTmp'
Building C object CMakeFiles/cmTC_6cf27.dir/CheckIncludeFile.c.o
/usr/bin/cc     -o CMakeFiles/cmTC_6cf27.dir/CheckIncludeFile.c.o   -c /home/zzh/WorkSpace/Droid_Ettercap/Build_Android/CMakeFiles/CMakeTmp/CheckIncludeFile.c
Linking C executable cmTC_6cf27
/usr/bin/cmake -E cmake_link_script CMakeFiles/cmTC_6cf27.dir/link.txt --verbose=1
/usr/bin/cc       CMakeFiles/cmTC_6cf27.dir/CheckIncludeFile.c.o  -o cmTC_6cf27 -rdynamic 
make[1]: Leaving directory '/opt/src/Droid_Ettercap/Build_Android/CMakeFiles/CMakeTmp'


Determining if the function pthread_create exists in the pthread passed with the following output:
Change Dir: /home/zzh/WorkSpace/Droid_Ettercap/Build_Android/CMakeFiles/CMakeTmp

Run Build Command:"/usr/bin/make" "cmTC_2bdaf/fast"
/usr/bin/make -f CMakeFiles/cmTC_2bdaf.dir/build.make CMakeFiles/cmTC_2bdaf.dir/build
make[1]: Entering directory '/opt/src/Droid_Ettercap/Build_Android/CMakeFiles/CMakeTmp'
Building C object CMakeFiles/cmTC_2bdaf.dir/CheckFunctionExists.c.o
/usr/bin/cc    -DCHECK_FUNCTION_EXISTS=pthread_create   -o CMakeFiles/cmTC_2bdaf.dir/CheckFunctionExists.c.o   -c /usr/share/cmake-3.4/Modules/CheckFunctionExists.c
Linking C executable cmTC_2bdaf
/usr/bin/cmake -E cmake_link_script CMakeFiles/cmTC_2bdaf.dir/link.txt --verbose=1
/usr/bin/cc   -DCHECK_FUNCTION_EXISTS=pthread_create    CMakeFiles/cmTC_2bdaf.dir/CheckFunctionExists.c.o  -o cmTC_2bdaf -rdynamic -lpthread 
make[1]: Leaving directory '/opt/src/Droid_Ettercap/Build_Android/CMakeFiles/CMakeTmp'


Determining if the function iconv exists passed with the following output:
Change Dir: /home/zzh/WorkSpace/Droid_Ettercap/Build_Android/CMakeFiles/CMakeTmp

Run Build Command:"/usr/bin/make" "cmTC_ff696/fast"
/usr/bin/make -f CMakeFiles/cmTC_ff696.dir/build.make CMakeFiles/cmTC_ff696.dir/build
make[1]: Entering directory '/opt/src/Droid_Ettercap/Build_Android/CMakeFiles/CMakeTmp'
Building C object CMakeFiles/cmTC_ff696.dir/CheckFunctionExists.c.o
/usr/bin/cc    -DCHECK_FUNCTION_EXISTS=iconv   -o CMakeFiles/cmTC_ff696.dir/CheckFunctionExists.c.o   -c /usr/share/cmake-3.4/Modules/CheckFunctionExists.c
Linking C executable cmTC_ff696
/usr/bin/cmake -E cmake_link_script CMakeFiles/cmTC_ff696.dir/link.txt --verbose=1
/usr/bin/cc   -DCHECK_FUNCTION_EXISTS=iconv    CMakeFiles/cmTC_ff696.dir/CheckFunctionExists.c.o  -o cmTC_ff696 -rdynamic 
make[1]: Leaving directory '/opt/src/Droid_Ettercap/Build_Android/CMakeFiles/CMakeTmp'


Determining if the function poll exists passed with the following output:
Change Dir: /home/zzh/WorkSpace/Droid_Ettercap/Build_Android/CMakeFiles/CMakeTmp

Run Build Command:"/usr/bin/make" "cmTC_6b790/fast"
/usr/bin/make -f CMakeFiles/cmTC_6b790.dir/build.make CMakeFiles/cmTC_6b790.dir/build
make[1]: Entering directory '/opt/src/Droid_Ettercap/Build_Android/CMakeFiles/CMakeTmp'
Building C object CMakeFiles/cmTC_6b790.dir/CheckFunctionExists.c.o
/usr/bin/cc    -DCHECK_FUNCTION_EXISTS=poll   -o CMakeFiles/cmTC_6b790.dir/CheckFunctionExists.c.o   -c /usr/share/cmake-3.4/Modules/CheckFunctionExists.c
Linking C executable cmTC_6b790
/usr/bin/cmake -E cmake_link_script CMakeFiles/cmTC_6b790.dir/link.txt --verbose=1
/usr/bin/cc   -DCHECK_FUNCTION_EXISTS=poll    CMakeFiles/cmTC_6b790.dir/CheckFunctionExists.c.o  -o cmTC_6b790 -rdynamic 
make[1]: Leaving directory '/opt/src/Droid_Ettercap/Build_Android/CMakeFiles/CMakeTmp'


Determining if the function strtok_r exists passed with the following output:
Change Dir: /home/zzh/WorkSpace/Droid_Ettercap/Build_Android/CMakeFiles/CMakeTmp

Run Build Command:"/usr/bin/make" "cmTC_55120/fast"
/usr/bin/make -f CMakeFiles/cmTC_55120.dir/build.make CMakeFiles/cmTC_55120.dir/build
make[1]: Entering directory '/opt/src/Droid_Ettercap/Build_Android/CMakeFiles/CMakeTmp'
Building C object CMakeFiles/cmTC_55120.dir/CheckFunctionExists.c.o
/usr/bin/cc    -DCHECK_FUNCTION_EXISTS=strtok_r   -o CMakeFiles/cmTC_55120.dir/CheckFunctionExists.c.o   -c /usr/share/cmake-3.4/Modules/CheckFunctionExists.c
Linking C executable cmTC_55120
/usr/bin/cmake -E cmake_link_script CMakeFiles/cmTC_55120.dir/link.txt --verbose=1
/usr/bin/cc   -DCHECK_FUNCTION_EXISTS=strtok_r    CMakeFiles/cmTC_55120.dir/CheckFunctionExists.c.o  -o cmTC_55120 -rdynamic 
make[1]: Leaving directory '/opt/src/Droid_Ettercap/Build_Android/CMakeFiles/CMakeTmp'


Determining if the function select exists passed with the following output:
Change Dir: /home/zzh/WorkSpace/Droid_Ettercap/Build_Android/CMakeFiles/CMakeTmp

Run Build Command:"/usr/bin/make" "cmTC_cbcc4/fast"
/usr/bin/make -f CMakeFiles/cmTC_cbcc4.dir/build.make CMakeFiles/cmTC_cbcc4.dir/build
make[1]: Entering directory '/opt/src/Droid_Ettercap/Build_Android/CMakeFiles/CMakeTmp'
Building C object CMakeFiles/cmTC_cbcc4.dir/CheckFunctionExists.c.o
/usr/bin/cc    -DCHECK_FUNCTION_EXISTS=select   -o CMakeFiles/cmTC_cbcc4.dir/CheckFunctionExists.c.o   -c /usr/share/cmake-3.4/Modules/CheckFunctionExists.c
Linking C executable cmTC_cbcc4
/usr/bin/cmake -E cmake_link_script CMakeFiles/cmTC_cbcc4.dir/link.txt --verbose=1
/usr/bin/cc   -DCHECK_FUNCTION_EXISTS=select    CMakeFiles/cmTC_cbcc4.dir/CheckFunctionExists.c.o  -o cmTC_cbcc4 -rdynamic 
make[1]: Leaving directory '/opt/src/Droid_Ettercap/Build_Android/CMakeFiles/CMakeTmp'


Determining if the function scandir exists passed with the following output:
Change Dir: /home/zzh/WorkSpace/Droid_Ettercap/Build_Android/CMakeFiles/CMakeTmp

Run Build Command:"/usr/bin/make" "cmTC_babc4/fast"
/usr/bin/make -f CMakeFiles/cmTC_babc4.dir/build.make CMakeFiles/cmTC_babc4.dir/build
make[1]: Entering directory '/opt/src/Droid_Ettercap/Build_Android/CMakeFiles/CMakeTmp'
Building C object CMakeFiles/cmTC_babc4.dir/CheckFunctionExists.c.o
/usr/bin/cc    -DCHECK_FUNCTION_EXISTS=scandir   -o CMakeFiles/cmTC_babc4.dir/CheckFunctionExists.c.o   -c /usr/share/cmake-3.4/Modules/CheckFunctionExists.c
Linking C executable cmTC_babc4
/usr/bin/cmake -E cmake_link_script CMakeFiles/cmTC_babc4.dir/link.txt --verbose=1
/usr/bin/cc   -DCHECK_FUNCTION_EXISTS=scandir    CMakeFiles/cmTC_babc4.dir/CheckFunctionExists.c.o  -o cmTC_babc4 -rdynamic 
make[1]: Leaving directory '/opt/src/Droid_Ettercap/Build_Android/CMakeFiles/CMakeTmp'


Determining if the function strlcat exists in the bsd passed with the following output:
Change Dir: /home/zzh/WorkSpace/Droid_Ettercap/Build_Android/CMakeFiles/CMakeTmp

Run Build Command:"/usr/bin/make" "cmTC_7b38a/fast"
/usr/bin/make -f CMakeFiles/cmTC_7b38a.dir/build.make CMakeFiles/cmTC_7b38a.dir/build
make[1]: Entering directory '/opt/src/Droid_Ettercap/Build_Android/CMakeFiles/CMakeTmp'
Building C object CMakeFiles/cmTC_7b38a.dir/CheckFunctionExists.c.o
/usr/bin/cc    -DCHECK_FUNCTION_EXISTS=strlcat   -o CMakeFiles/cmTC_7b38a.dir/CheckFunctionExists.c.o   -c /usr/share/cmake-3.4/Modules/CheckFunctionExists.c
Linking C executable cmTC_7b38a
/usr/bin/cmake -E cmake_link_script CMakeFiles/cmTC_7b38a.dir/link.txt --verbose=1
/usr/bin/cc   -DCHECK_FUNCTION_EXISTS=strlcat    CMakeFiles/cmTC_7b38a.dir/CheckFunctionExists.c.o  -o cmTC_7b38a  -L/home/zzh/WorkSpace/Droid_Ettercap/Build_Android/CMakeFiles/CMakeTmp/bsd/string.h -rdynamic -lbsd -Wl,-rpath,/home/zzh/WorkSpace/Droid_Ettercap/Build_Android/CMakeFiles/CMakeTmp/bsd/string.h 
make[1]: Leaving directory '/opt/src/Droid_Ettercap/Build_Android/CMakeFiles/CMakeTmp'


Determining if the function strlcpy exists in the bsd passed with the following output:
Change Dir: /home/zzh/WorkSpace/Droid_Ettercap/Build_Android/CMakeFiles/CMakeTmp

Run Build Command:"/usr/bin/make" "cmTC_6fb4a/fast"
/usr/bin/make -f CMakeFiles/cmTC_6fb4a.dir/build.make CMakeFiles/cmTC_6fb4a.dir/build
make[1]: Entering directory '/opt/src/Droid_Ettercap/Build_Android/CMakeFiles/CMakeTmp'
Building C object CMakeFiles/cmTC_6fb4a.dir/CheckFunctionExists.c.o
/usr/bin/cc    -DCHECK_FUNCTION_EXISTS=strlcpy   -o CMakeFiles/cmTC_6fb4a.dir/CheckFunctionExists.c.o   -c /usr/share/cmake-3.4/Modules/CheckFunctionExists.c
Linking C executable cmTC_6fb4a
/usr/bin/cmake -E cmake_link_script CMakeFiles/cmTC_6fb4a.dir/link.txt --verbose=1
/usr/bin/cc   -DCHECK_FUNCTION_EXISTS=strlcpy    CMakeFiles/cmTC_6fb4a.dir/CheckFunctionExists.c.o  -o cmTC_6fb4a  -L/home/zzh/WorkSpace/Droid_Ettercap/Build_Android/CMakeFiles/CMakeTmp/bsd/string.h -rdynamic -lbsd -Wl,-rpath,/home/zzh/WorkSpace/Droid_Ettercap/Build_Android/CMakeFiles/CMakeTmp/bsd/string.h 
make[1]: Leaving directory '/opt/src/Droid_Ettercap/Build_Android/CMakeFiles/CMakeTmp'


Determining if the function strsep exists passed with the following output:
Change Dir: /home/zzh/WorkSpace/Droid_Ettercap/Build_Android/CMakeFiles/CMakeTmp

Run Build Command:"/usr/bin/make" "cmTC_82388/fast"
/usr/bin/make -f CMakeFiles/cmTC_82388.dir/build.make CMakeFiles/cmTC_82388.dir/build
make[1]: Entering directory '/opt/src/Droid_Ettercap/Build_Android/CMakeFiles/CMakeTmp'
Building C object CMakeFiles/cmTC_82388.dir/CheckFunctionExists.c.o
/usr/bin/cc    -DCHECK_FUNCTION_EXISTS=strsep   -o CMakeFiles/cmTC_82388.dir/CheckFunctionExists.c.o   -c /usr/share/cmake-3.4/Modules/CheckFunctionExists.c
Linking C executable cmTC_82388
/usr/bin/cmake -E cmake_link_script CMakeFiles/cmTC_82388.dir/link.txt --verbose=1
/usr/bin/cc   -DCHECK_FUNCTION_EXISTS=strsep    CMakeFiles/cmTC_82388.dir/CheckFunctionExists.c.o  -o cmTC_82388 -rdynamic 
make[1]: Leaving directory '/opt/src/Droid_Ettercap/Build_Android/CMakeFiles/CMakeTmp'


Determining if the function strcasestr exists passed with the following output:
Change Dir: /home/zzh/WorkSpace/Droid_Ettercap/Build_Android/CMakeFiles/CMakeTmp

Run Build Command:"/usr/bin/make" "cmTC_ccde5/fast"
/usr/bin/make -f CMakeFiles/cmTC_ccde5.dir/build.make CMakeFiles/cmTC_ccde5.dir/build
make[1]: Entering directory '/opt/src/Droid_Ettercap/Build_Android/CMakeFiles/CMakeTmp'
Building C object CMakeFiles/cmTC_ccde5.dir/CheckFunctionExists.c.o
/usr/bin/cc    -DCHECK_FUNCTION_EXISTS=strcasestr   -o CMakeFiles/cmTC_ccde5.dir/CheckFunctionExists.c.o   -c /usr/share/cmake-3.4/Modules/CheckFunctionExists.c
Linking C executable cmTC_ccde5
/usr/bin/cmake -E cmake_link_script CMakeFiles/cmTC_ccde5.dir/link.txt --verbose=1
/usr/bin/cc   -DCHECK_FUNCTION_EXISTS=strcasestr    CMakeFiles/cmTC_ccde5.dir/CheckFunctionExists.c.o  -o cmTC_ccde5 -rdynamic 
make[1]: Leaving directory '/opt/src/Droid_Ettercap/Build_Android/CMakeFiles/CMakeTmp'


Determining if the function memmem exists passed with the following output:
Change Dir: /home/zzh/WorkSpace/Droid_Ettercap/Build_Android/CMakeFiles/CMakeTmp

Run Build Command:"/usr/bin/make" "cmTC_3efe9/fast"
/usr/bin/make -f CMakeFiles/cmTC_3efe9.dir/build.make CMakeFiles/cmTC_3efe9.dir/build
make[1]: Entering directory '/opt/src/Droid_Ettercap/Build_Android/CMakeFiles/CMakeTmp'
Building C object CMakeFiles/cmTC_3efe9.dir/CheckFunctionExists.c.o
/usr/bin/cc    -DCHECK_FUNCTION_EXISTS=memmem   -o CMakeFiles/cmTC_3efe9.dir/CheckFunctionExists.c.o   -c /usr/share/cmake-3.4/Modules/CheckFunctionExists.c
Linking C executable cmTC_3efe9
/usr/bin/cmake -E cmake_link_script CMakeFiles/cmTC_3efe9.dir/link.txt --verbose=1
/usr/bin/cc   -DCHECK_FUNCTION_EXISTS=memmem    CMakeFiles/cmTC_3efe9.dir/CheckFunctionExists.c.o  -o cmTC_3efe9 -rdynamic 
make[1]: Leaving directory '/opt/src/Droid_Ettercap/Build_Android/CMakeFiles/CMakeTmp'


Determining if the function basename exists passed with the following output:
Change Dir: /home/zzh/WorkSpace/Droid_Ettercap/Build_Android/CMakeFiles/CMakeTmp

Run Build Command:"/usr/bin/make" "cmTC_21639/fast"
/usr/bin/make -f CMakeFiles/cmTC_21639.dir/build.make CMakeFiles/cmTC_21639.dir/build
make[1]: Entering directory '/opt/src/Droid_Ettercap/Build_Android/CMakeFiles/CMakeTmp'
Building C object CMakeFiles/cmTC_21639.dir/CheckFunctionExists.c.o
/usr/bin/cc    -DCHECK_FUNCTION_EXISTS=basename   -o CMakeFiles/cmTC_21639.dir/CheckFunctionExists.c.o   -c /usr/share/cmake-3.4/Modules/CheckFunctionExists.c
Linking C executable cmTC_21639
/usr/bin/cmake -E cmake_link_script CMakeFiles/cmTC_21639.dir/link.txt --verbose=1
/usr/bin/cc   -DCHECK_FUNCTION_EXISTS=basename    CMakeFiles/cmTC_21639.dir/CheckFunctionExists.c.o  -o cmTC_21639 -rdynamic 
make[1]: Leaving directory '/opt/src/Droid_Ettercap/Build_Android/CMakeFiles/CMakeTmp'


Determining if the function strndup exists passed with the following output:
Change Dir: /home/zzh/WorkSpace/Droid_Ettercap/Build_Android/CMakeFiles/CMakeTmp

Run Build Command:"/usr/bin/make" "cmTC_81d34/fast"
/usr/bin/make -f CMakeFiles/cmTC_81d34.dir/build.make CMakeFiles/cmTC_81d34.dir/build
make[1]: Entering directory '/opt/src/Droid_Ettercap/Build_Android/CMakeFiles/CMakeTmp'
Building C object CMakeFiles/cmTC_81d34.dir/CheckFunctionExists.c.o
/usr/bin/cc    -DCHECK_FUNCTION_EXISTS=strndup   -o CMakeFiles/cmTC_81d34.dir/CheckFunctionExists.c.o   -c /usr/share/cmake-3.4/Modules/CheckFunctionExists.c
<命令行>:0:23: 警告：与内建函数‘strndup’类型冲突
/usr/share/cmake-3.4/Modules/CheckFunctionExists.c:6:6: 附注：in expansion of macro ‘CHECK_FUNCTION_EXISTS’
 char CHECK_FUNCTION_EXISTS();
      ^
Linking C executable cmTC_81d34
/usr/bin/cmake -E cmake_link_script CMakeFiles/cmTC_81d34.dir/link.txt --verbose=1
/usr/bin/cc   -DCHECK_FUNCTION_EXISTS=strndup    CMakeFiles/cmTC_81d34.dir/CheckFunctionExists.c.o  -o cmTC_81d34 -rdynamic 
make[1]: Leaving directory '/opt/src/Droid_Ettercap/Build_Android/CMakeFiles/CMakeTmp'


Determining if the function inet_aton exists passed with the following output:
Change Dir: /home/zzh/WorkSpace/Droid_Ettercap/Build_Android/CMakeFiles/CMakeTmp

Run Build Command:"/usr/bin/make" "cmTC_31f2c/fast"
/usr/bin/make -f CMakeFiles/cmTC_31f2c.dir/build.make CMakeFiles/cmTC_31f2c.dir/build
make[1]: Entering directory '/opt/src/Droid_Ettercap/Build_Android/CMakeFiles/CMakeTmp'
Building C object CMakeFiles/cmTC_31f2c.dir/CheckFunctionExists.c.o
/usr/bin/cc    -DCHECK_FUNCTION_EXISTS=inet_aton   -o CMakeFiles/cmTC_31f2c.dir/CheckFunctionExists.c.o   -c /usr/share/cmake-3.4/Modules/CheckFunctionExists.c
Linking C executable cmTC_31f2c
/usr/bin/cmake -E cmake_link_script CMakeFiles/cmTC_31f2c.dir/link.txt --verbose=1
/usr/bin/cc   -DCHECK_FUNCTION_EXISTS=inet_aton    CMakeFiles/cmTC_31f2c.dir/CheckFunctionExists.c.o  -o cmTC_31f2c -rdynamic 
make[1]: Leaving directory '/opt/src/Droid_Ettercap/Build_Android/CMakeFiles/CMakeTmp'


Performing C SOURCE FILE Test HAVE_MUTEX_RECURSIVE_NP succeded with the following output:
Change Dir: /home/zzh/WorkSpace/Droid_Ettercap/Build_Android/CMakeFiles/CMakeTmp

Run Build Command:"/usr/bin/make" "cmTC_77ebd/fast"
/usr/bin/make -f CMakeFiles/cmTC_77ebd.dir/build.make CMakeFiles/cmTC_77ebd.dir/build
make[1]: Entering directory '/opt/src/Droid_Ettercap/Build_Android/CMakeFiles/CMakeTmp'
Building C object CMakeFiles/cmTC_77ebd.dir/src.c.o
/usr/bin/cc    -DHAVE_MUTEX_RECURSIVE_NP   -o CMakeFiles/cmTC_77ebd.dir/src.c.o   -c /home/zzh/WorkSpace/Droid_Ettercap/Build_Android/CMakeFiles/CMakeTmp/src.c
Linking C executable cmTC_77ebd
/usr/bin/cmake -E cmake_link_script CMakeFiles/cmTC_77ebd.dir/link.txt --verbose=1
/usr/bin/cc   -DHAVE_MUTEX_RECURSIVE_NP    CMakeFiles/cmTC_77ebd.dir/src.c.o  -o cmTC_77ebd -rdynamic 
make[1]: Leaving directory '/opt/src/Droid_Ettercap/Build_Android/CMakeFiles/CMakeTmp'

Source file was:

#include <pthread.h>

void cmakeRequireSymbol(int dummy,...){(void)dummy;}
int main()
{
  int i = PTHREAD_MUTEX_RECURSIVE_NP;
  return 0;
}

Variable PTHREAD_MUTEX_RECURSIVE_NP was found in headers
Variable PTHREAD_MUTEX_RECURSIVE_NP was found in headers
Variable PTHREAD_MUTEX_RECURSIVE_NP was found in headers
